delete 1564
delete 1702
delete 1407
delete 1620
delete 1273
delete 1869
delete 1406
delete 1274
delete 1627
delete 1703
delete 1405
delete 1275
delete 1626
delete 1565
delete 1276
delete 1704
delete 1404
delete 1520
delete 1625
delete 1277
delete 1339
delete 1799
delete 1889
delete 1624
delete 1338
delete 1566
delete 1567
delete 1629
delete 1888
delete 1335
delete 1628
delete 1706
delete 1793
delete 1887
delete 1334
delete 1792
delete 1519
delete 1707
delete 1886
delete 1337
delete 1440
delete 1708
delete 1798
delete 1791
delete 1529
delete 1885
delete 1336
delete 1696
delete 1797
delete 1391
delete 1884
delete 1331
delete 1697
delete 1796
delete 1333
delete 1669
delete 1883
delete 1694
delete 1332
delete 1795
delete 1882
delete 1668
delete 1448
delete 1794
delete 1695
delete 1881
delete 1667
delete 1511
delete 1692
delete 1491
delete 1285
delete 1666
delete 1693
delete 1840
delete 1492
delete 1284
delete 1665
delete 1287
delete 1493
delete 1510
delete 1690
delete 1286
delete 1494
delete 1663
delete 1512
delete 1691
delete 1281
delete 1495
delete 1662
delete 1496
delete 1539
delete 1698
delete 1280
delete 1661
delete 1497
delete 1538
delete 1283
delete 1699
delete 1282
delete 1498
delete 1660
delete 1522
delete 1278
delete 1499
delete 1409
delete 1623
delete 1289
delete 1279
delete 1700
delete 1408
delete 1288
delete 1271
delete 1622
delete 1472
delete 1403
delete 1701
delete 1272
delete 1473
delete 1621
delete 1450
delete 1402
delete 1705
delete 1308
delete 1401
delete 1470
delete 1739
delete 1400
delete 1471
delete 1709
delete 1309
delete 1664
delete 1813
delete 1476
delete 1750
delete 1819
delete 1477
delete 1480
delete 1502
delete 1738
delete 1474
delete 1713
delete 1475
delete 1503
delete 1436
delete 1815
delete 1573
delete 1437
delete 1500
delete 1712
delete 1832
delete 1434
delete 1501
delete 1711
delete 1572
delete 1435
delete 1833
delete 1506
delete 1710
delete 1478
delete 1432
delete 1830
delete 1507
delete 1479
delete 1433
delete 1717
delete 1577
delete 1504
delete 1431
delete 1831
delete 1716
delete 1438
delete 1576
delete 1836
delete 1505
delete 1715
delete 1439
delete 1575
delete 1731
delete 1508
delete 1837
delete 1714
delete 1574
delete 1348
delete 1509
delete 1834
delete 1719
delete 1349
delete 1304
delete 1718
delete 1618
delete 1838
delete 1340
delete 1658
delete 1305
delete 1619
delete 1839
delete 1659
delete 1341
delete 1306
delete 1616
delete 1371
delete 1307
delete 1370
delete 1513
delete 1342
delete 1617
delete 1652
delete 1373
delete 1343
delete 1614
delete 1300
delete 1653
delete 1344
delete 1615
delete 1372
delete 1301
delete 1651
delete 1612
delete 1345
delete 1375
delete 1302
delete 1656
delete 1374
delete 1579
delete 1346
delete 1657
delete 1303
delete 1610
delete 1377
delete 1347
delete 1681
delete 1654
delete 1376
delete 1870
delete 1611
delete 1655
delete 1683
delete 1379
delete 1468
delete 1578
delete 1378
delete 1821
delete 1682
delete 1465
delete 1571
delete 1867
delete 1464
delete 1685
delete 1570
delete 1820
delete 1467
delete 1868
delete 1684
delete 1601
delete 1823
delete 1466
delete 1866
delete 1461
delete 1822
delete 1687
delete 1600
delete 1463
delete 1515
delete 1686
delete 1380
delete 1603
delete 1462
delete 1689
delete 1514
delete 1317
delete 1602
delete 1741
delete 1517
delete 1688
delete 1316
delete 1605
delete 1774
delete 1761
delete 1315
delete 1516
delete 1604
delete 1640
delete 1766
delete 1560
delete 1314
delete 1607
delete 1720
delete 1767
delete 1313
delete 1814
delete 1778
delete 1606
delete 1764
delete 1312
delete 1537
delete 1420
delete 1311
delete 1580
delete 1780
delete 1816
delete 1765
delete 1310
delete 1613
delete 1581
delete 1546
delete 1319
delete 1817
delete 1775
delete 1586
delete 1547
delete 1318
delete 1447
delete 1810
delete 1587
delete 1829
delete 1777
delete 1544
delete 1584
delete 1811
delete 1776
delete 1828
delete 1771
delete 1812
delete 1825
delete 1770
delete 1542
delete 1585
delete 1536
delete 1773
delete 1824
delete 1350
delete 1543
delete 1818
delete 1446
delete 1861
delete 1779
delete 1827
delete 1540
delete 1535
delete 1561
delete 1860
delete 1826
delete 1541
delete 1534
delete 1863
delete 1443
delete 1562
delete 1670
delete 1862
delete 1548
delete 1533
delete 1550
delete 1442
delete 1549
delete 1865
delete 1532
delete 1553
delete 1835
delete 1469
delete 1531
delete 1552
delete 1864
delete 1851
delete 1609
delete 1633
delete 1557
delete 1748
delete 1852
delete 1634
delete 1608
delete 1559
delete 1749
delete 1853
delete 1441
delete 1635
delete 1744
delete 1558
delete 1854
delete 1807
delete 1636
delete 1418
delete 1745
delete 1855
delete 1806
delete 1419
delete 1746
delete 1637
delete 1856
delete 1805
delete 1449
delete 1747
delete 1857
delete 1638
delete 1410
delete 1804
delete 1740
delete 1399
delete 1411
delete 1803
delete 1639
delete 1444
delete 1412
delete 1398
delete 1802
delete 1742
delete 1733
delete 1413
delete 1397
delete 1743
delete 1801
delete 1414
delete 1732
delete 1898
delete 1415
delete 1396
delete 1735
delete 1800
delete 1416
delete 1899
delete 1395
delete 1734
delete 1563
delete 1417
delete 1394
delete 1737
delete 1894
delete 1809
delete 1393
delete 1895
delete 1736
delete 1320
delete 1808
delete 1392
delete 1896
delete 1324
delete 1595
delete 1897
delete 1569
delete 1594
delete 1769
delete 1366
delete 1890
delete 1588
delete 1597
delete 1858
delete 1367
delete 1891
delete 1589
delete 1859
delete 1364
delete 1596
delete 1892
delete 1763
delete 1365
delete 1591
delete 1568
delete 1582
delete 1362
delete 1590
delete 1893
delete 1363
delete 1583
delete 1593
delete 1772
delete 1361
delete 1630
delete 1592
delete 1768
delete 1368
delete 1631
delete 1599
delete 1290
delete 1369
delete 1762
delete 1632
delete 1598
delete 1445
