deploy 1524
deploy 1122
deploy 1847
deploy 1249
deploy 1175
deploy 1248
deploy 1525
deploy 1174
deploy 1124
deploy 1846
deploy 1523
deploy 1454
deploy 1526
deploy 1173
deploy 1845
deploy 1455
deploy 1518
deploy 1527
deploy 1172
deploy 1456
deploy 1241
deploy 1757
deploy 1521
deploy 1330
deploy 1171
deploy 1243
deploy 1756
deploy 1880
deploy 1849
deploy 1242
deploy 1250
deploy 1245
deploy 1490
deploy 1755
deploy 1457
deploy 1848
deploy 1244
deploy 1528
deploy 1754
deploy 1451
deploy 1247
deploy 1390
deploy 1753
deploy 1843
deploy 1452
deploy 1246
deploy 1121
deploy 1752
deploy 1841
deploy 1758
deploy 1453
deploy 1484
deploy 1877
deploy 1760
deploy 1545
deploy 1751
deploy 1489
deploy 1874
deploy 1142
deploy 1488
deploy 1460
deploy 1177
deploy 1875
deploy 1143
deploy 1650
deploy 1787
deploy 1141
deploy 1137
deploy 1388
deploy 1176
deploy 1872
deploy 1483
deploy 1389
deploy 1873
deploy 1146
deploy 1179
deploy 1482
deploy 1147
deploy 1384
deploy 1871
deploy 1481
deploy 1178
deploy 1385
deploy 1144
deploy 1487
deploy 1430
deploy 1386
deploy 1878
deploy 1730
deploy 1486
deploy 1387
deploy 1145
deploy 1485
deploy 1876
deploy 1381
deploy 1879
deploy 1148
deploy 1382
deploy 1727
deploy 1424
deploy 1149
deploy 1383
deploy 1724
deploy 1759
deploy 1427
deploy 1680
deploy 1645
deploy 1426
deploy 1352
deploy 1725
deploy 1644
deploy 1429
deploy 1357
deploy 1649
deploy 1722
deploy 1428
deploy 1356
deploy 1723
deploy 1647
deploy 1679
deploy 1648
deploy 1355
deploy 1844
deploy 1646
deploy 1359
deploy 1354
deploy 1641
deploy 1721
deploy 1358
deploy 1530
deploy 1675
deploy 1421
deploy 1216
deploy 1788
deploy 1643
deploy 1423
deploy 1728
deploy 1789
deploy 1642
deploy 1353
deploy 1729
deploy 1422
deploy 1726
deploy 1785
deploy 1781
deploy 1458
deploy 1425
deploy 1551
deploy 1459
deploy 1325
deploy 1555
deploy 1786
deploy 1782
deploy 1293
deploy 1328
deploy 1673
deploy 1554
deploy 1783
deploy 1291
deploy 1329
deploy 1556
deploy 1784
deploy 1296
deploy 1678
deploy 1790
deploy 1351
deploy 1297
deploy 1850
deploy 1294
deploy 1674
deploy 1322
deploy 1295
deploy 1676
deploy 1323
deploy 1842
deploy 1360
deploy 1677
deploy 1180
deploy 1321
deploy 1671
deploy 1298
deploy 1326
deploy 1672
deploy 1299
deploy 1327
deploy 1150
deploy 1292
